::1 - - [23/Feb/2020:05:02:19 +0000] "GET / HTTP/1.1" 302 58 "-" "Mozilla/5.0 (Windows NT 10.0; Win64; x64) AppleWebKit/537.36 (KHTML, like Gecko) Chrome/79.0.3945.130 Safari/537.36"
::1 - - [23/Feb/2020:05:02:21 +0000] "GET /signin HTTP/1.1" 200 3630 "-" "Mozilla/5.0 (Windows NT 10.0; Win64; x64) AppleWebKit/537.36 (KHTML, like Gecko) Chrome/79.0.3945.130 Safari/537.36"
::1 - - [23/Feb/2020:05:02:21 +0000] "GET /undefined HTTP/1.1" 404 148 "http://localhost:8000/signin" "Mozilla/5.0 (Windows NT 10.0; Win64; x64) AppleWebKit/537.36 (KHTML, like Gecko) Chrome/79.0.3945.130 Safari/537.36"
::1 - - [23/Feb/2020:05:02:22 +0000] "GET /undefined HTTP/1.1" 404 148 "http://localhost:8000/signin" "Mozilla/5.0 (Windows NT 10.0; Win64; x64) AppleWebKit/537.36 (KHTML, like Gecko) Chrome/79.0.3945.130 Safari/537.36"
::1 - - [23/Feb/2020:05:02:24 +0000] "GET /favicon.ico HTTP/1.1" 404 150 "http://localhost:8000/signin" "Mozilla/5.0 (Windows NT 10.0; Win64; x64) AppleWebKit/537.36 (KHTML, like Gecko) Chrome/79.0.3945.130 Safari/537.36"
::1 - - [23/Feb/2020:05:02:27 +0000] "POST /createsession HTTP/1.1" 302 58 "http://localhost:8000/signin" "Mozilla/5.0 (Windows NT 10.0; Win64; x64) AppleWebKit/537.36 (KHTML, like Gecko) Chrome/79.0.3945.130 Safari/537.36"
::1 - - [23/Feb/2020:05:02:27 +0000] "GET /signin HTTP/1.1" 200 3879 "http://localhost:8000/signin" "Mozilla/5.0 (Windows NT 10.0; Win64; x64) AppleWebKit/537.36 (KHTML, like Gecko) Chrome/79.0.3945.130 Safari/537.36"
::1 - - [23/Feb/2020:05:02:27 +0000] "GET /undefined HTTP/1.1" 404 148 "http://localhost:8000/signin" "Mozilla/5.0 (Windows NT 10.0; Win64; x64) AppleWebKit/537.36 (KHTML, like Gecko) Chrome/79.0.3945.130 Safari/537.36"
::1 - - [23/Feb/2020:05:02:31 +0000] "GET /signup HTTP/1.1" 200 3686 "http://localhost:8000/signin" "Mozilla/5.0 (Windows NT 10.0; Win64; x64) AppleWebKit/537.36 (KHTML, like Gecko) Chrome/79.0.3945.130 Safari/537.36"
::1 - - [23/Feb/2020:05:02:31 +0000] "GET /undefined HTTP/1.1" 404 148 "http://localhost:8000/signup" "Mozilla/5.0 (Windows NT 10.0; Win64; x64) AppleWebKit/537.36 (KHTML, like Gecko) Chrome/79.0.3945.130 Safari/537.36"
::1 - - [23/Feb/2020:05:02:52 +0000] "POST /create HTTP/1.1" 302 58 "http://localhost:8000/signup" "Mozilla/5.0 (Windows NT 10.0; Win64; x64) AppleWebKit/537.36 (KHTML, like Gecko) Chrome/79.0.3945.130 Safari/537.36"
::1 - - [23/Feb/2020:05:02:52 +0000] "GET /signin HTTP/1.1" 200 3630 "http://localhost:8000/signup" "Mozilla/5.0 (Windows NT 10.0; Win64; x64) AppleWebKit/537.36 (KHTML, like Gecko) Chrome/79.0.3945.130 Safari/537.36"
::1 - - [23/Feb/2020:05:02:52 +0000] "GET /undefined HTTP/1.1" 404 148 "http://localhost:8000/signin" "Mozilla/5.0 (Windows NT 10.0; Win64; x64) AppleWebKit/537.36 (KHTML, like Gecko) Chrome/79.0.3945.130 Safari/537.36"
::1 - - [23/Feb/2020:05:03:03 +0000] "POST /createsession HTTP/1.1" 302 46 "http://localhost:8000/signin" "Mozilla/5.0 (Windows NT 10.0; Win64; x64) AppleWebKit/537.36 (KHTML, like Gecko) Chrome/79.0.3945.130 Safari/537.36"
::1 - - [23/Feb/2020:05:03:06 +0000] "GET / HTTP/1.1" 200 30151 "http://localhost:8000/signin" "Mozilla/5.0 (Windows NT 10.0; Win64; x64) AppleWebKit/537.36 (KHTML, like Gecko) Chrome/79.0.3945.130 Safari/537.36"
::1 - - [23/Feb/2020:05:03:06 +0000] "GET /undefined HTTP/1.1" 404 148 "http://localhost:8000/" "Mozilla/5.0 (Windows NT 10.0; Win64; x64) AppleWebKit/537.36 (KHTML, like Gecko) Chrome/79.0.3945.130 Safari/537.36"
::1 - - [23/Feb/2020:05:03:06 +0000] "GET /js/home_comments.js HTTP/1.1" 404 158 "http://localhost:8000/" "Mozilla/5.0 (Windows NT 10.0; Win64; x64) AppleWebKit/537.36 (KHTML, like Gecko) Chrome/79.0.3945.130 Safari/537.36"
::1 - - [23/Feb/2020:05:03:06 +0000] "GET /js/home_comments.js HTTP/1.1" 404 158 "http://localhost:8000/" "Mozilla/5.0 (Windows NT 10.0; Win64; x64) AppleWebKit/537.36 (KHTML, like Gecko) Chrome/79.0.3945.130 Safari/537.36"
::1 - - [23/Feb/2020:05:03:54 +0000] "POST /createmessage HTTP/1.1" - - "http://localhost:8000/" "Mozilla/5.0 (Windows NT 10.0; Win64; x64) AppleWebKit/537.36 (KHTML, like Gecko) Chrome/79.0.3945.130 Safari/537.36"
::1 - - [23/Feb/2020:05:03:55 +0000] "GET /users/profile/5dcd6c33f9cd4b479c6be469 HTTP/1.1" 200 4641 "http://localhost:8000/" "Mozilla/5.0 (Windows NT 10.0; Win64; x64) AppleWebKit/537.36 (KHTML, like Gecko) Chrome/79.0.3945.130 Safari/537.36"
::1 - - [23/Feb/2020:05:03:55 +0000] "GET /undefined HTTP/1.1" 404 148 "http://localhost:8000/users/profile/5dcd6c33f9cd4b479c6be469" "Mozilla/5.0 (Windows NT 10.0; Win64; x64) AppleWebKit/537.36 (KHTML, like Gecko) Chrome/79.0.3945.130 Safari/537.36"
::1 - - [23/Feb/2020:05:04:11 +0000] "GET /users/update/5e52077af4982f3f400a1242 HTTP/1.1" 404 176 "http://localhost:8000/" "Mozilla/5.0 (Windows NT 10.0; Win64; x64) AppleWebKit/537.36 (KHTML, like Gecko) Chrome/79.0.3945.130 Safari/537.36"
::1 - - [23/Feb/2020:05:04:56 +0000] "POST /users/update/5e52077af4982f3f400a1242 HTTP/1.1" - - "http://localhost:8000/" "Mozilla/5.0 (Windows NT 10.0; Win64; x64) AppleWebKit/537.36 (KHTML, like Gecko) Chrome/79.0.3945.130 Safari/537.36"
::1 - - [23/Feb/2020:05:04:57 +0000] "POST /users/update/5e52077af4982f3f400a1242 HTTP/1.1" 302 88 "http://localhost:8000/" "Mozilla/5.0 (Windows NT 10.0; Win64; x64) AppleWebKit/537.36 (KHTML, like Gecko) Chrome/79.0.3945.130 Safari/537.36"
::1 - - [23/Feb/2020:05:04:57 +0000] "GET / HTTP/1.1" 200 29931 "http://localhost:8000/" "Mozilla/5.0 (Windows NT 10.0; Win64; x64) AppleWebKit/537.36 (KHTML, like Gecko) Chrome/79.0.3945.130 Safari/537.36"
::1 - - [23/Feb/2020:05:04:57 +0000] "GET /undefined HTTP/1.1" 404 148 "http://localhost:8000/" "Mozilla/5.0 (Windows NT 10.0; Win64; x64) AppleWebKit/537.36 (KHTML, like Gecko) Chrome/79.0.3945.130 Safari/537.36"
::1 - - [23/Feb/2020:05:04:57 +0000] "GET /js/home_comments.js HTTP/1.1" 404 158 "http://localhost:8000/" "Mozilla/5.0 (Windows NT 10.0; Win64; x64) AppleWebKit/537.36 (KHTML, like Gecko) Chrome/79.0.3945.130 Safari/537.36"
::1 - - [23/Feb/2020:05:05:30 +0000] "POST /createmessage HTTP/1.1" - - "http://localhost:8000/" "Mozilla/5.0 (Windows NT 10.0; Win64; x64) AppleWebKit/537.36 (KHTML, like Gecko) Chrome/79.0.3945.130 Safari/537.36"
::1 - - [23/Feb/2020:05:07:19 +0000] "POST /createmessage HTTP/1.1" - - "http://localhost:8000/" "Mozilla/5.0 (Windows NT 10.0; Win64; x64) AppleWebKit/537.36 (KHTML, like Gecko) Chrome/79.0.3945.130 Safari/537.36"
::1 - - [23/Feb/2020:05:07:19 +0000] "GET /likes/toggle/?id=5dd038c1d8094854dc7ead69&type=Post HTTP/1.1" 200 57 "http://localhost:8000/" "Mozilla/5.0 (Windows NT 10.0; Win64; x64) AppleWebKit/537.36 (KHTML, like Gecko) Chrome/79.0.3945.130 Safari/537.36"
::1 - - [23/Feb/2020:05:07:23 +0000] "GET / HTTP/1.1" 200 29931 "http://localhost:8000/" "Mozilla/5.0 (Windows NT 10.0; Win64; x64) AppleWebKit/537.36 (KHTML, like Gecko) Chrome/79.0.3945.130 Safari/537.36"
::1 - - [23/Feb/2020:05:07:23 +0000] "GET /undefined HTTP/1.1" 404 148 "http://localhost:8000/" "Mozilla/5.0 (Windows NT 10.0; Win64; x64) AppleWebKit/537.36 (KHTML, like Gecko) Chrome/79.0.3945.130 Safari/537.36"
::1 - - [23/Feb/2020:05:07:24 +0000] "GET /js/home_comments.js HTTP/1.1" 404 158 "http://localhost:8000/" "Mozilla/5.0 (Windows NT 10.0; Win64; x64) AppleWebKit/537.36 (KHTML, like Gecko) Chrome/79.0.3945.130 Safari/537.36"
::1 - - [23/Feb/2020:05:07:33 +0000] "GET /likes/toggle/?id=5dd03bd3d8094854dc7ead6e&type=Post HTTP/1.1" 200 57 "http://localhost:8000/" "Mozilla/5.0 (Windows NT 10.0; Win64; x64) AppleWebKit/537.36 (KHTML, like Gecko) Chrome/79.0.3945.130 Safari/537.36"
::1 - - [23/Feb/2020:05:07:37 +0000] "GET / HTTP/1.1" 200 29931 "http://localhost:8000/" "Mozilla/5.0 (Windows NT 10.0; Win64; x64) AppleWebKit/537.36 (KHTML, like Gecko) Chrome/79.0.3945.130 Safari/537.36"
::1 - - [23/Feb/2020:05:07:37 +0000] "GET /undefined HTTP/1.1" 404 148 "http://localhost:8000/" "Mozilla/5.0 (Windows NT 10.0; Win64; x64) AppleWebKit/537.36 (KHTML, like Gecko) Chrome/79.0.3945.130 Safari/537.36"
::1 - - [23/Feb/2020:05:07:37 +0000] "GET /js/home_comments.js HTTP/1.1" 404 158 "http://localhost:8000/" "Mozilla/5.0 (Windows NT 10.0; Win64; x64) AppleWebKit/537.36 (KHTML, like Gecko) Chrome/79.0.3945.130 Safari/537.36"
::1 - - [23/Feb/2020:05:07:52 +0000] "POST /posts/create HTTP/1.1" 200 299 "http://localhost:8000/" "Mozilla/5.0 (Windows NT 10.0; Win64; x64) AppleWebKit/537.36 (KHTML, like Gecko) Chrome/79.0.3945.130 Safari/537.36"
::1 - - [23/Feb/2020:05:07:52 +0000] "POST /posts/create HTTP/1.1" 302 88 "http://localhost:8000/" "Mozilla/5.0 (Windows NT 10.0; Win64; x64) AppleWebKit/537.36 (KHTML, like Gecko) Chrome/79.0.3945.130 Safari/537.36"
::1 - - [23/Feb/2020:05:07:52 +0000] "GET / HTTP/1.1" 200 34774 "http://localhost:8000/" "Mozilla/5.0 (Windows NT 10.0; Win64; x64) AppleWebKit/537.36 (KHTML, like Gecko) Chrome/79.0.3945.130 Safari/537.36"
::1 - - [23/Feb/2020:05:07:52 +0000] "GET /undefined HTTP/1.1" 404 148 "http://localhost:8000/" "Mozilla/5.0 (Windows NT 10.0; Win64; x64) AppleWebKit/537.36 (KHTML, like Gecko) Chrome/79.0.3945.130 Safari/537.36"
::1 - - [23/Feb/2020:05:07:52 +0000] "GET /js/home_comments.js HTTP/1.1" 404 158 "http://localhost:8000/" "Mozilla/5.0 (Windows NT 10.0; Win64; x64) AppleWebKit/537.36 (KHTML, like Gecko) Chrome/79.0.3945.130 Safari/537.36"
::1 - - [23/Feb/2020:05:07:55 +0000] "GET /posts/destroy/5e5208a8f4982f3f400a124b HTTP/1.1" 302 88 "http://localhost:8000/" "Mozilla/5.0 (Windows NT 10.0; Win64; x64) AppleWebKit/537.36 (KHTML, like Gecko) Chrome/79.0.3945.130 Safari/537.36"
::1 - - [23/Feb/2020:05:07:57 +0000] "GET / HTTP/1.1" 200 34801 "http://localhost:8000/" "Mozilla/5.0 (Windows NT 10.0; Win64; x64) AppleWebKit/537.36 (KHTML, like Gecko) Chrome/79.0.3945.130 Safari/537.36"
::1 - - [23/Feb/2020:05:07:57 +0000] "GET /undefined HTTP/1.1" 404 148 "http://localhost:8000/" "Mozilla/5.0 (Windows NT 10.0; Win64; x64) AppleWebKit/537.36 (KHTML, like Gecko) Chrome/79.0.3945.130 Safari/537.36"
::1 - - [23/Feb/2020:05:07:57 +0000] "GET /js/home_comments.js HTTP/1.1" 404 158 "http://localhost:8000/" "Mozilla/5.0 (Windows NT 10.0; Win64; x64) AppleWebKit/537.36 (KHTML, like Gecko) Chrome/79.0.3945.130 Safari/537.36"
::1 - - [23/Feb/2020:05:08:05 +0000] "GET / HTTP/1.1" 200 32232 "http://localhost:8000/" "Mozilla/5.0 (Windows NT 10.0; Win64; x64) AppleWebKit/537.36 (KHTML, like Gecko) Chrome/79.0.3945.130 Safari/537.36"
::1 - - [23/Feb/2020:05:08:05 +0000] "GET /undefined HTTP/1.1" 404 148 "http://localhost:8000/" "Mozilla/5.0 (Windows NT 10.0; Win64; x64) AppleWebKit/537.36 (KHTML, like Gecko) Chrome/79.0.3945.130 Safari/537.36"
::1 - - [23/Feb/2020:05:08:05 +0000] "GET /js/home_comments.js HTTP/1.1" 404 158 "http://localhost:8000/" "Mozilla/5.0 (Windows NT 10.0; Win64; x64) AppleWebKit/537.36 (KHTML, like Gecko) Chrome/79.0.3945.130 Safari/537.36"
::1 - - [23/Feb/2020:05:08:09 +0000] "GET /posts/destroy/5e5208a8f4982f3f400a124a HTTP/1.1" 302 88 "http://localhost:8000/" "Mozilla/5.0 (Windows NT 10.0; Win64; x64) AppleWebKit/537.36 (KHTML, like Gecko) Chrome/79.0.3945.130 Safari/537.36"
::1 - - [23/Feb/2020:05:08:09 +0000] "GET / HTTP/1.1" 200 30199 "http://localhost:8000/" "Mozilla/5.0 (Windows NT 10.0; Win64; x64) AppleWebKit/537.36 (KHTML, like Gecko) Chrome/79.0.3945.130 Safari/537.36"
::1 - - [23/Feb/2020:05:08:09 +0000] "GET /undefined HTTP/1.1" 404 148 "http://localhost:8000/" "Mozilla/5.0 (Windows NT 10.0; Win64; x64) AppleWebKit/537.36 (KHTML, like Gecko) Chrome/79.0.3945.130 Safari/537.36"
::1 - - [23/Feb/2020:05:08:09 +0000] "GET /js/home_comments.js HTTP/1.1" 404 158 "http://localhost:8000/" "Mozilla/5.0 (Windows NT 10.0; Win64; x64) AppleWebKit/537.36 (KHTML, like Gecko) Chrome/79.0.3945.130 Safari/537.36"
::1 - - [23/Feb/2020:05:08:18 +0000] "GET /signout HTTP/1.1" 302 58 "http://localhost:8000/" "Mozilla/5.0 (Windows NT 10.0; Win64; x64) AppleWebKit/537.36 (KHTML, like Gecko) Chrome/79.0.3945.130 Safari/537.36"
::1 - - [23/Feb/2020:05:08:18 +0000] "GET /signup HTTP/1.1" 200 3935 "http://localhost:8000/" "Mozilla/5.0 (Windows NT 10.0; Win64; x64) AppleWebKit/537.36 (KHTML, like Gecko) Chrome/79.0.3945.130 Safari/537.36"
::1 - - [23/Feb/2020:05:08:18 +0000] "GET /undefined HTTP/1.1" 404 148 "http://localhost:8000/signup" "Mozilla/5.0 (Windows NT 10.0; Win64; x64) AppleWebKit/537.36 (KHTML, like Gecko) Chrome/79.0.3945.130 Safari/537.36"
::1 - - [23/Feb/2020:05:08:21 +0000] "GET /signin HTTP/1.1" 304 - "http://localhost:8000/signup" "Mozilla/5.0 (Windows NT 10.0; Win64; x64) AppleWebKit/537.36 (KHTML, like Gecko) Chrome/79.0.3945.130 Safari/537.36"
::1 - - [23/Feb/2020:05:08:21 +0000] "GET /undefined HTTP/1.1" 404 148 "http://localhost:8000/signin" "Mozilla/5.0 (Windows NT 10.0; Win64; x64) AppleWebKit/537.36 (KHTML, like Gecko) Chrome/79.0.3945.130 Safari/537.36"
::1 - - [23/Feb/2020:05:08:30 +0000] "POST /createsession HTTP/1.1" 302 46 "http://localhost:8000/signin" "Mozilla/5.0 (Windows NT 10.0; Win64; x64) AppleWebKit/537.36 (KHTML, like Gecko) Chrome/79.0.3945.130 Safari/537.36"
::1 - - [23/Feb/2020:05:08:30 +0000] "GET / HTTP/1.1" 200 30179 "http://localhost:8000/signin" "Mozilla/5.0 (Windows NT 10.0; Win64; x64) AppleWebKit/537.36 (KHTML, like Gecko) Chrome/79.0.3945.130 Safari/537.36"
::1 - - [23/Feb/2020:05:08:30 +0000] "GET /undefined HTTP/1.1" 404 148 "http://localhost:8000/" "Mozilla/5.0 (Windows NT 10.0; Win64; x64) AppleWebKit/537.36 (KHTML, like Gecko) Chrome/79.0.3945.130 Safari/537.36"
::1 - - [23/Feb/2020:05:08:30 +0000] "GET /js/home_comments.js HTTP/1.1" 404 158 "http://localhost:8000/" "Mozilla/5.0 (Windows NT 10.0; Win64; x64) AppleWebKit/537.36 (KHTML, like Gecko) Chrome/79.0.3945.130 Safari/537.36"
::1 - - [23/Feb/2020:05:08:30 +0000] "GET /js/home_comments.js HTTP/1.1" 404 158 "http://localhost:8000/" "Mozilla/5.0 (Windows NT 10.0; Win64; x64) AppleWebKit/537.36 (KHTML, like Gecko) Chrome/79.0.3945.130 Safari/537.36"
::1 - - [07/Jul/2020:10:14:54 +0000] "GET / HTTP/1.1" 302 58 "-" "Mozilla/5.0 (Windows NT 10.0; Win64; x64) AppleWebKit/537.36 (KHTML, like Gecko) Chrome/83.0.4103.116 Safari/537.36"
::1 - - [07/Jul/2020:10:14:55 +0000] "GET /signin HTTP/1.1" 200 3630 "-" "Mozilla/5.0 (Windows NT 10.0; Win64; x64) AppleWebKit/537.36 (KHTML, like Gecko) Chrome/83.0.4103.116 Safari/537.36"
::1 - - [07/Jul/2020:10:14:56 +0000] "GET /undefined HTTP/1.1" 404 148 "http://localhost:8000/signin" "Mozilla/5.0 (Windows NT 10.0; Win64; x64) AppleWebKit/537.36 (KHTML, like Gecko) Chrome/83.0.4103.116 Safari/537.36"
::1 - - [07/Jul/2020:10:14:56 +0000] "GET /undefined HTTP/1.1" 404 148 "http://localhost:8000/signin" "Mozilla/5.0 (Windows NT 10.0; Win64; x64) AppleWebKit/537.36 (KHTML, like Gecko) Chrome/83.0.4103.116 Safari/537.36"
::1 - - [07/Jul/2020:10:14:58 +0000] "GET /favicon.ico HTTP/1.1" 404 150 "http://localhost:8000/signin" "Mozilla/5.0 (Windows NT 10.0; Win64; x64) AppleWebKit/537.36 (KHTML, like Gecko) Chrome/83.0.4103.116 Safari/537.36"
::1 - - [07/Jul/2020:10:15:06 +0000] "POST /createsession HTTP/1.1" 302 58 "http://localhost:8000/signin" "Mozilla/5.0 (Windows NT 10.0; Win64; x64) AppleWebKit/537.36 (KHTML, like Gecko) Chrome/83.0.4103.116 Safari/537.36"
::1 - - [07/Jul/2020:10:15:06 +0000] "GET /signin HTTP/1.1" 200 3879 "http://localhost:8000/signin" "Mozilla/5.0 (Windows NT 10.0; Win64; x64) AppleWebKit/537.36 (KHTML, like Gecko) Chrome/83.0.4103.116 Safari/537.36"
::1 - - [07/Jul/2020:10:15:06 +0000] "GET /undefined HTTP/1.1" 404 148 "http://localhost:8000/signin" "Mozilla/5.0 (Windows NT 10.0; Win64; x64) AppleWebKit/537.36 (KHTML, like Gecko) Chrome/83.0.4103.116 Safari/537.36"
::1 - - [07/Jul/2020:10:15:11 +0000] "GET /signup HTTP/1.1" 200 3686 "http://localhost:8000/signin" "Mozilla/5.0 (Windows NT 10.0; Win64; x64) AppleWebKit/537.36 (KHTML, like Gecko) Chrome/83.0.4103.116 Safari/537.36"
::1 - - [07/Jul/2020:10:15:11 +0000] "GET /undefined HTTP/1.1" 404 148 "http://localhost:8000/signup" "Mozilla/5.0 (Windows NT 10.0; Win64; x64) AppleWebKit/537.36 (KHTML, like Gecko) Chrome/83.0.4103.116 Safari/537.36"
::1 - - [07/Jul/2020:10:15:36 +0000] "POST /create HTTP/1.1" 302 58 "http://localhost:8000/signup" "Mozilla/5.0 (Windows NT 10.0; Win64; x64) AppleWebKit/537.36 (KHTML, like Gecko) Chrome/83.0.4103.116 Safari/537.36"
::1 - - [07/Jul/2020:10:15:36 +0000] "GET /signin HTTP/1.1" 200 3630 "http://localhost:8000/signup" "Mozilla/5.0 (Windows NT 10.0; Win64; x64) AppleWebKit/537.36 (KHTML, like Gecko) Chrome/83.0.4103.116 Safari/537.36"
::1 - - [07/Jul/2020:10:15:36 +0000] "GET /undefined HTTP/1.1" 404 148 "http://localhost:8000/signin" "Mozilla/5.0 (Windows NT 10.0; Win64; x64) AppleWebKit/537.36 (KHTML, like Gecko) Chrome/83.0.4103.116 Safari/537.36"
::1 - - [07/Jul/2020:10:15:56 +0000] "POST /createsession HTTP/1.1" 302 46 "http://localhost:8000/signin" "Mozilla/5.0 (Windows NT 10.0; Win64; x64) AppleWebKit/537.36 (KHTML, like Gecko) Chrome/83.0.4103.116 Safari/537.36"
::1 - - [07/Jul/2020:10:15:57 +0000] "GET / HTTP/1.1" 200 30410 "http://localhost:8000/signin" "Mozilla/5.0 (Windows NT 10.0; Win64; x64) AppleWebKit/537.36 (KHTML, like Gecko) Chrome/83.0.4103.116 Safari/537.36"
::1 - - [07/Jul/2020:10:15:58 +0000] "GET /undefined HTTP/1.1" 404 148 "http://localhost:8000/" "Mozilla/5.0 (Windows NT 10.0; Win64; x64) AppleWebKit/537.36 (KHTML, like Gecko) Chrome/83.0.4103.116 Safari/537.36"
::1 - - [07/Jul/2020:10:15:58 +0000] "GET /js/home_comments.js HTTP/1.1" 404 158 "http://localhost:8000/" "Mozilla/5.0 (Windows NT 10.0; Win64; x64) AppleWebKit/537.36 (KHTML, like Gecko) Chrome/83.0.4103.116 Safari/537.36"
::1 - - [07/Jul/2020:10:15:58 +0000] "GET /js/home_comments.js HTTP/1.1" 404 158 "http://localhost:8000/" "Mozilla/5.0 (Windows NT 10.0; Win64; x64) AppleWebKit/537.36 (KHTML, like Gecko) Chrome/83.0.4103.116 Safari/537.36"
::1 - - [07/Jul/2020:10:16:33 +0000] "POST /posts/create HTTP/1.1" 200 329 "http://localhost:8000/" "Mozilla/5.0 (Windows NT 10.0; Win64; x64) AppleWebKit/537.36 (KHTML, like Gecko) Chrome/83.0.4103.116 Safari/537.36"
::1 - - [07/Jul/2020:10:16:33 +0000] "POST /posts/create HTTP/1.1" 302 88 "http://localhost:8000/" "Mozilla/5.0 (Windows NT 10.0; Win64; x64) AppleWebKit/537.36 (KHTML, like Gecko) Chrome/83.0.4103.116 Safari/537.36"
::1 - - [07/Jul/2020:10:16:33 +0000] "GET / HTTP/1.1" 200 35073 "http://localhost:8000/" "Mozilla/5.0 (Windows NT 10.0; Win64; x64) AppleWebKit/537.36 (KHTML, like Gecko) Chrome/83.0.4103.116 Safari/537.36"
::1 - - [07/Jul/2020:10:16:33 +0000] "GET /undefined HTTP/1.1" 404 148 "http://localhost:8000/" "Mozilla/5.0 (Windows NT 10.0; Win64; x64) AppleWebKit/537.36 (KHTML, like Gecko) Chrome/83.0.4103.116 Safari/537.36"
::1 - - [07/Jul/2020:10:16:33 +0000] "GET /js/home_comments.js HTTP/1.1" 404 158 "http://localhost:8000/" "Mozilla/5.0 (Windows NT 10.0; Win64; x64) AppleWebKit/537.36 (KHTML, like Gecko) Chrome/83.0.4103.116 Safari/537.36"
::1 - - [07/Jul/2020:10:16:40 +0000] "GET /posts/destroy/5f044b804a68282f9ca8c6c2 HTTP/1.1" 302 88 "http://localhost:8000/" "Mozilla/5.0 (Windows NT 10.0; Win64; x64) AppleWebKit/537.36 (KHTML, like Gecko) Chrome/83.0.4103.116 Safari/537.36"
::1 - - [07/Jul/2020:10:16:42 +0000] "GET / HTTP/1.1" 200 35100 "http://localhost:8000/" "Mozilla/5.0 (Windows NT 10.0; Win64; x64) AppleWebKit/537.36 (KHTML, like Gecko) Chrome/83.0.4103.116 Safari/537.36"
::1 - - [07/Jul/2020:10:16:42 +0000] "GET /undefined HTTP/1.1" 404 148 "http://localhost:8000/" "Mozilla/5.0 (Windows NT 10.0; Win64; x64) AppleWebKit/537.36 (KHTML, like Gecko) Chrome/83.0.4103.116 Safari/537.36"
::1 - - [07/Jul/2020:10:16:42 +0000] "GET /js/home_comments.js HTTP/1.1" 404 158 "http://localhost:8000/" "Mozilla/5.0 (Windows NT 10.0; Win64; x64) AppleWebKit/537.36 (KHTML, like Gecko) Chrome/83.0.4103.116 Safari/537.36"
::1 - - [07/Jul/2020:10:16:48 +0000] "GET / HTTP/1.1" 200 32497 "http://localhost:8000/" "Mozilla/5.0 (Windows NT 10.0; Win64; x64) AppleWebKit/537.36 (KHTML, like Gecko) Chrome/83.0.4103.116 Safari/537.36"
::1 - - [07/Jul/2020:10:16:48 +0000] "GET /undefined HTTP/1.1" 404 148 "http://localhost:8000/" "Mozilla/5.0 (Windows NT 10.0; Win64; x64) AppleWebKit/537.36 (KHTML, like Gecko) Chrome/83.0.4103.116 Safari/537.36"
::1 - - [07/Jul/2020:10:16:48 +0000] "GET /js/home_comments.js HTTP/1.1" 404 158 "http://localhost:8000/" "Mozilla/5.0 (Windows NT 10.0; Win64; x64) AppleWebKit/537.36 (KHTML, like Gecko) Chrome/83.0.4103.116 Safari/537.36"
::1 - - [07/Jul/2020:10:16:53 +0000] "GET / HTTP/1.1" 304 - "http://localhost:8000/" "Mozilla/5.0 (Windows NT 10.0; Win64; x64) AppleWebKit/537.36 (KHTML, like Gecko) Chrome/83.0.4103.116 Safari/537.36"
::1 - - [07/Jul/2020:10:16:53 +0000] "GET /undefined HTTP/1.1" 404 148 "http://localhost:8000/" "Mozilla/5.0 (Windows NT 10.0; Win64; x64) AppleWebKit/537.36 (KHTML, like Gecko) Chrome/83.0.4103.116 Safari/537.36"
::1 - - [07/Jul/2020:10:16:53 +0000] "GET /js/home_comments.js HTTP/1.1" 404 158 "http://localhost:8000/" "Mozilla/5.0 (Windows NT 10.0; Win64; x64) AppleWebKit/537.36 (KHTML, like Gecko) Chrome/83.0.4103.116 Safari/537.36"
::1 - - [07/Jul/2020:10:16:54 +0000] "GET / HTTP/1.1" 304 - "http://localhost:8000/" "Mozilla/5.0 (Windows NT 10.0; Win64; x64) AppleWebKit/537.36 (KHTML, like Gecko) Chrome/83.0.4103.116 Safari/537.36"
::1 - - [07/Jul/2020:10:16:55 +0000] "GET /undefined HTTP/1.1" 404 148 "http://localhost:8000/" "Mozilla/5.0 (Windows NT 10.0; Win64; x64) AppleWebKit/537.36 (KHTML, like Gecko) Chrome/83.0.4103.116 Safari/537.36"
::1 - - [07/Jul/2020:10:16:55 +0000] "GET /js/home_comments.js HTTP/1.1" 404 158 "http://localhost:8000/" "Mozilla/5.0 (Windows NT 10.0; Win64; x64) AppleWebKit/537.36 (KHTML, like Gecko) Chrome/83.0.4103.116 Safari/537.36"
::1 - - [07/Jul/2020:10:17:02 +0000] "GET /likes/toggle/?id=5f044b804a68282f9ca8c6c1&type=Post HTTP/1.1" 200 57 "http://localhost:8000/" "Mozilla/5.0 (Windows NT 10.0; Win64; x64) AppleWebKit/537.36 (KHTML, like Gecko) Chrome/83.0.4103.116 Safari/537.36"
::1 - - [07/Jul/2020:10:17:06 +0000] "GET / HTTP/1.1" 200 32497 "http://localhost:8000/" "Mozilla/5.0 (Windows NT 10.0; Win64; x64) AppleWebKit/537.36 (KHTML, like Gecko) Chrome/83.0.4103.116 Safari/537.36"
::1 - - [07/Jul/2020:10:17:06 +0000] "GET /undefined HTTP/1.1" 404 148 "http://localhost:8000/" "Mozilla/5.0 (Windows NT 10.0; Win64; x64) AppleWebKit/537.36 (KHTML, like Gecko) Chrome/83.0.4103.116 Safari/537.36"
::1 - - [07/Jul/2020:10:17:06 +0000] "GET /js/home_comments.js HTTP/1.1" 404 158 "http://localhost:8000/" "Mozilla/5.0 (Windows NT 10.0; Win64; x64) AppleWebKit/537.36 (KHTML, like Gecko) Chrome/83.0.4103.116 Safari/537.36"
::1 - - [07/Jul/2020:10:17:11 +0000] "GET /posts/destroy/5f044b804a68282f9ca8c6c1 HTTP/1.1" 302 88 "http://localhost:8000/" "Mozilla/5.0 (Windows NT 10.0; Win64; x64) AppleWebKit/537.36 (KHTML, like Gecko) Chrome/83.0.4103.116 Safari/537.36"
::1 - - [07/Jul/2020:10:17:11 +0000] "GET / HTTP/1.1" 200 30430 "http://localhost:8000/" "Mozilla/5.0 (Windows NT 10.0; Win64; x64) AppleWebKit/537.36 (KHTML, like Gecko) Chrome/83.0.4103.116 Safari/537.36"
::1 - - [07/Jul/2020:10:17:11 +0000] "GET /undefined HTTP/1.1" 404 148 "http://localhost:8000/" "Mozilla/5.0 (Windows NT 10.0; Win64; x64) AppleWebKit/537.36 (KHTML, like Gecko) Chrome/83.0.4103.116 Safari/537.36"
::1 - - [07/Jul/2020:10:17:11 +0000] "GET /js/home_comments.js HTTP/1.1" 404 158 "http://localhost:8000/" "Mozilla/5.0 (Windows NT 10.0; Win64; x64) AppleWebKit/537.36 (KHTML, like Gecko) Chrome/83.0.4103.116 Safari/537.36"
::1 - - [07/Jul/2020:10:17:17 +0000] "POST /posts/create HTTP/1.1" 200 299 "http://localhost:8000/" "Mozilla/5.0 (Windows NT 10.0; Win64; x64) AppleWebKit/537.36 (KHTML, like Gecko) Chrome/83.0.4103.116 Safari/537.36"
::1 - - [07/Jul/2020:10:17:17 +0000] "POST /posts/create HTTP/1.1" 302 88 "http://localhost:8000/" "Mozilla/5.0 (Windows NT 10.0; Win64; x64) AppleWebKit/537.36 (KHTML, like Gecko) Chrome/83.0.4103.116 Safari/537.36"
::1 - - [07/Jul/2020:10:17:17 +0000] "GET / HTTP/1.1" 200 35013 "http://localhost:8000/" "Mozilla/5.0 (Windows NT 10.0; Win64; x64) AppleWebKit/537.36 (KHTML, like Gecko) Chrome/83.0.4103.116 Safari/537.36"
::1 - - [07/Jul/2020:10:17:17 +0000] "GET /undefined HTTP/1.1" 404 148 "http://localhost:8000/" "Mozilla/5.0 (Windows NT 10.0; Win64; x64) AppleWebKit/537.36 (KHTML, like Gecko) Chrome/83.0.4103.116 Safari/537.36"
::1 - - [07/Jul/2020:10:17:17 +0000] "GET /js/home_comments.js HTTP/1.1" 404 158 "http://localhost:8000/" "Mozilla/5.0 (Windows NT 10.0; Win64; x64) AppleWebKit/537.36 (KHTML, like Gecko) Chrome/83.0.4103.116 Safari/537.36"
::1 - - [07/Jul/2020:10:17:19 +0000] "GET /posts/destroy/5f044bad4a68282f9ca8c6c6 HTTP/1.1" 302 88 "http://localhost:8000/" "Mozilla/5.0 (Windows NT 10.0; Win64; x64) AppleWebKit/537.36 (KHTML, like Gecko) Chrome/83.0.4103.116 Safari/537.36"
::1 - - [07/Jul/2020:10:17:19 +0000] "GET / HTTP/1.1" 200 32735 "http://localhost:8000/" "Mozilla/5.0 (Windows NT 10.0; Win64; x64) AppleWebKit/537.36 (KHTML, like Gecko) Chrome/83.0.4103.116 Safari/537.36"
::1 - - [07/Jul/2020:10:17:19 +0000] "GET /undefined HTTP/1.1" 404 148 "http://localhost:8000/" "Mozilla/5.0 (Windows NT 10.0; Win64; x64) AppleWebKit/537.36 (KHTML, like Gecko) Chrome/83.0.4103.116 Safari/537.36"
::1 - - [07/Jul/2020:10:17:19 +0000] "GET /js/home_comments.js HTTP/1.1" 404 158 "http://localhost:8000/" "Mozilla/5.0 (Windows NT 10.0; Win64; x64) AppleWebKit/537.36 (KHTML, like Gecko) Chrome/83.0.4103.116 Safari/537.36"
::1 - - [07/Jul/2020:10:17:21 +0000] "GET /posts/destroy/5f044bad4a68282f9ca8c6c5 HTTP/1.1" 302 88 "http://localhost:8000/" "Mozilla/5.0 (Windows NT 10.0; Win64; x64) AppleWebKit/537.36 (KHTML, like Gecko) Chrome/83.0.4103.116 Safari/537.36"
::1 - - [07/Jul/2020:10:17:21 +0000] "GET / HTTP/1.1" 200 30430 "http://localhost:8000/" "Mozilla/5.0 (Windows NT 10.0; Win64; x64) AppleWebKit/537.36 (KHTML, like Gecko) Chrome/83.0.4103.116 Safari/537.36"
::1 - - [07/Jul/2020:10:17:21 +0000] "GET /undefined HTTP/1.1" 404 148 "http://localhost:8000/" "Mozilla/5.0 (Windows NT 10.0; Win64; x64) AppleWebKit/537.36 (KHTML, like Gecko) Chrome/83.0.4103.116 Safari/537.36"
::1 - - [07/Jul/2020:10:17:21 +0000] "GET /js/home_comments.js HTTP/1.1" 404 158 "http://localhost:8000/" "Mozilla/5.0 (Windows NT 10.0; Win64; x64) AppleWebKit/537.36 (KHTML, like Gecko) Chrome/83.0.4103.116 Safari/537.36"
::1 - - [07/Jul/2020:10:17:50 +0000] "POST /users/update/5f044b474a68282f9ca8c6c0 HTTP/1.1" 302 88 "http://localhost:8000/" "Mozilla/5.0 (Windows NT 10.0; Win64; x64) AppleWebKit/537.36 (KHTML, like Gecko) Chrome/83.0.4103.116 Safari/537.36"
::1 - - [07/Jul/2020:10:17:50 +0000] "GET / HTTP/1.1" 200 30100 "http://localhost:8000/" "Mozilla/5.0 (Windows NT 10.0; Win64; x64) AppleWebKit/537.36 (KHTML, like Gecko) Chrome/83.0.4103.116 Safari/537.36"
::1 - - [07/Jul/2020:10:17:50 +0000] "GET /undefined HTTP/1.1" 404 148 "http://localhost:8000/" "Mozilla/5.0 (Windows NT 10.0; Win64; x64) AppleWebKit/537.36 (KHTML, like Gecko) Chrome/83.0.4103.116 Safari/537.36"
::1 - - [07/Jul/2020:10:17:50 +0000] "GET /js/home_comments.js HTTP/1.1" 404 158 "http://localhost:8000/" "Mozilla/5.0 (Windows NT 10.0; Win64; x64) AppleWebKit/537.36 (KHTML, like Gecko) Chrome/83.0.4103.116 Safari/537.36"
::1 - - [07/Jul/2020:10:17:56 +0000] "GET / HTTP/1.1" 304 - "http://localhost:8000/" "Mozilla/5.0 (Windows NT 10.0; Win64; x64) AppleWebKit/537.36 (KHTML, like Gecko) Chrome/83.0.4103.116 Safari/537.36"
::1 - - [07/Jul/2020:10:17:56 +0000] "GET /undefined HTTP/1.1" 404 148 "http://localhost:8000/" "Mozilla/5.0 (Windows NT 10.0; Win64; x64) AppleWebKit/537.36 (KHTML, like Gecko) Chrome/83.0.4103.116 Safari/537.36"
::1 - - [07/Jul/2020:10:17:56 +0000] "GET /js/home_comments.js HTTP/1.1" 404 158 "http://localhost:8000/" "Mozilla/5.0 (Windows NT 10.0; Win64; x64) AppleWebKit/537.36 (KHTML, like Gecko) Chrome/83.0.4103.116 Safari/537.36"
::1 - - [07/Jul/2020:10:18:03 +0000] "GET /users/profile/5dcd6bcdf9cd4b479c6be464 HTTP/1.1" 200 4640 "http://localhost:8000/" "Mozilla/5.0 (Windows NT 10.0; Win64; x64) AppleWebKit/537.36 (KHTML, like Gecko) Chrome/83.0.4103.116 Safari/537.36"
::1 - - [07/Jul/2020:10:18:03 +0000] "GET /undefined HTTP/1.1" 404 148 "http://localhost:8000/users/profile/5dcd6bcdf9cd4b479c6be464" "Mozilla/5.0 (Windows NT 10.0; Win64; x64) AppleWebKit/537.36 (KHTML, like Gecko) Chrome/83.0.4103.116 Safari/537.36"
::1 - - [07/Jul/2020:10:18:11 +0000] "GET /friend/addorremove/?id=5dcd6bcdf9cd4b479c6be464 HTTP/1.1" 200 61 "http://localhost:8000/users/profile/5dcd6bcdf9cd4b479c6be464" "Mozilla/5.0 (Windows NT 10.0; Win64; x64) AppleWebKit/537.36 (KHTML, like Gecko) Chrome/83.0.4103.116 Safari/537.36"
::1 - - [07/Jul/2020:10:18:15 +0000] "GET /users/profile/5dcd6bcdf9cd4b479c6be464 HTTP/1.1" 304 - "http://localhost:8000/" "Mozilla/5.0 (Windows NT 10.0; Win64; x64) AppleWebKit/537.36 (KHTML, like Gecko) Chrome/83.0.4103.116 Safari/537.36"
::1 - - [07/Jul/2020:10:18:15 +0000] "GET /undefined HTTP/1.1" 404 148 "http://localhost:8000/users/profile/5dcd6bcdf9cd4b479c6be464" "Mozilla/5.0 (Windows NT 10.0; Win64; x64) AppleWebKit/537.36 (KHTML, like Gecko) Chrome/83.0.4103.116 Safari/537.36"
::1 - - [07/Jul/2020:10:18:37 +0000] "POST /createmessage HTTP/1.1" - - "http://localhost:8000/" "Mozilla/5.0 (Windows NT 10.0; Win64; x64) AppleWebKit/537.36 (KHTML, like Gecko) Chrome/83.0.4103.116 Safari/537.36"
::1 - - [07/Jul/2020:10:18:44 +0000] "POST /createmessage HTTP/1.1" - - "http://localhost:8000/" "Mozilla/5.0 (Windows NT 10.0; Win64; x64) AppleWebKit/537.36 (KHTML, like Gecko) Chrome/83.0.4103.116 Safari/537.36"
::1 - - [07/Jul/2020:10:18:44 +0000] "POST /posts/create HTTP/1.1" 200 294 "http://localhost:8000/" "Mozilla/5.0 (Windows NT 10.0; Win64; x64) AppleWebKit/537.36 (KHTML, like Gecko) Chrome/83.0.4103.116 Safari/537.36"
::1 - - [07/Jul/2020:10:18:44 +0000] "POST /posts/create HTTP/1.1" 302 88 "http://localhost:8000/" "Mozilla/5.0 (Windows NT 10.0; Win64; x64) AppleWebKit/537.36 (KHTML, like Gecko) Chrome/83.0.4103.116 Safari/537.36"
::1 - - [07/Jul/2020:10:18:44 +0000] "GET / HTTP/1.1" 200 34923 "http://localhost:8000/" "Mozilla/5.0 (Windows NT 10.0; Win64; x64) AppleWebKit/537.36 (KHTML, like Gecko) Chrome/83.0.4103.116 Safari/537.36"
::1 - - [07/Jul/2020:10:18:44 +0000] "GET /undefined HTTP/1.1" 404 148 "http://localhost:8000/" "Mozilla/5.0 (Windows NT 10.0; Win64; x64) AppleWebKit/537.36 (KHTML, like Gecko) Chrome/83.0.4103.116 Safari/537.36"
::1 - - [07/Jul/2020:10:18:44 +0000] "GET /js/home_comments.js HTTP/1.1" 404 158 "http://localhost:8000/" "Mozilla/5.0 (Windows NT 10.0; Win64; x64) AppleWebKit/537.36 (KHTML, like Gecko) Chrome/83.0.4103.116 Safari/537.36"
::1 - - [07/Jul/2020:10:18:48 +0000] "GET /posts/destroy/5f044c044a68282f9ca8c6cc HTTP/1.1" 302 88 "http://localhost:8000/" "Mozilla/5.0 (Windows NT 10.0; Win64; x64) AppleWebKit/537.36 (KHTML, like Gecko) Chrome/83.0.4103.116 Safari/537.36"
::1 - - [07/Jul/2020:10:18:48 +0000] "GET / HTTP/1.1" 200 32659 "http://localhost:8000/" "Mozilla/5.0 (Windows NT 10.0; Win64; x64) AppleWebKit/537.36 (KHTML, like Gecko) Chrome/83.0.4103.116 Safari/537.36"
::1 - - [07/Jul/2020:10:18:48 +0000] "GET /undefined HTTP/1.1" 404 148 "http://localhost:8000/" "Mozilla/5.0 (Windows NT 10.0; Win64; x64) AppleWebKit/537.36 (KHTML, like Gecko) Chrome/83.0.4103.116 Safari/537.36"
::1 - - [07/Jul/2020:10:18:48 +0000] "GET /js/home_comments.js HTTP/1.1" 404 158 "http://localhost:8000/" "Mozilla/5.0 (Windows NT 10.0; Win64; x64) AppleWebKit/537.36 (KHTML, like Gecko) Chrome/83.0.4103.116 Safari/537.36"
::1 - - [07/Jul/2020:10:18:50 +0000] "GET /posts/destroy/5f044c044a68282f9ca8c6cb HTTP/1.1" 302 88 "http://localhost:8000/" "Mozilla/5.0 (Windows NT 10.0; Win64; x64) AppleWebKit/537.36 (KHTML, like Gecko) Chrome/83.0.4103.116 Safari/537.36"
::1 - - [07/Jul/2020:10:18:50 +0000] "GET / HTTP/1.1" 200 30368 "http://localhost:8000/" "Mozilla/5.0 (Windows NT 10.0; Win64; x64) AppleWebKit/537.36 (KHTML, like Gecko) Chrome/83.0.4103.116 Safari/537.36"
::1 - - [07/Jul/2020:10:18:50 +0000] "GET /undefined HTTP/1.1" 404 148 "http://localhost:8000/" "Mozilla/5.0 (Windows NT 10.0; Win64; x64) AppleWebKit/537.36 (KHTML, like Gecko) Chrome/83.0.4103.116 Safari/537.36"
::1 - - [07/Jul/2020:10:18:50 +0000] "GET /js/home_comments.js HTTP/1.1" 404 158 "http://localhost:8000/" "Mozilla/5.0 (Windows NT 10.0; Win64; x64) AppleWebKit/537.36 (KHTML, like Gecko) Chrome/83.0.4103.116 Safari/537.36"
::1 - - [07/Jul/2020:10:18:53 +0000] "POST /posts/create HTTP/1.1" 200 290 "http://localhost:8000/" "Mozilla/5.0 (Windows NT 10.0; Win64; x64) AppleWebKit/537.36 (KHTML, like Gecko) Chrome/83.0.4103.116 Safari/537.36"
::1 - - [07/Jul/2020:10:18:53 +0000] "POST /posts/create HTTP/1.1" 302 88 "http://localhost:8000/" "Mozilla/5.0 (Windows NT 10.0; Win64; x64) AppleWebKit/537.36 (KHTML, like Gecko) Chrome/83.0.4103.116 Safari/537.36"
::1 - - [07/Jul/2020:10:18:53 +0000] "GET / HTTP/1.1" 200 34919 "http://localhost:8000/" "Mozilla/5.0 (Windows NT 10.0; Win64; x64) AppleWebKit/537.36 (KHTML, like Gecko) Chrome/83.0.4103.116 Safari/537.36"
::1 - - [07/Jul/2020:10:18:53 +0000] "GET /undefined HTTP/1.1" 404 148 "http://localhost:8000/" "Mozilla/5.0 (Windows NT 10.0; Win64; x64) AppleWebKit/537.36 (KHTML, like Gecko) Chrome/83.0.4103.116 Safari/537.36"
::1 - - [07/Jul/2020:10:18:53 +0000] "GET /js/home_comments.js HTTP/1.1" 404 158 "http://localhost:8000/" "Mozilla/5.0 (Windows NT 10.0; Win64; x64) AppleWebKit/537.36 (KHTML, like Gecko) Chrome/83.0.4103.116 Safari/537.36"
::1 - - [07/Jul/2020:10:18:59 +0000] "GET /posts/destroy/5f044c0d4a68282f9ca8c6ce HTTP/1.1" 302 88 "http://localhost:8000/" "Mozilla/5.0 (Windows NT 10.0; Win64; x64) AppleWebKit/537.36 (KHTML, like Gecko) Chrome/83.0.4103.116 Safari/537.36"
::1 - - [07/Jul/2020:10:18:59 +0000] "GET / HTTP/1.1" 200 32657 "http://localhost:8000/" "Mozilla/5.0 (Windows NT 10.0; Win64; x64) AppleWebKit/537.36 (KHTML, like Gecko) Chrome/83.0.4103.116 Safari/537.36"
::1 - - [07/Jul/2020:10:18:59 +0000] "GET /undefined HTTP/1.1" 404 148 "http://localhost:8000/" "Mozilla/5.0 (Windows NT 10.0; Win64; x64) AppleWebKit/537.36 (KHTML, like Gecko) Chrome/83.0.4103.116 Safari/537.36"
::1 - - [07/Jul/2020:10:18:59 +0000] "GET /js/home_comments.js HTTP/1.1" 404 158 "http://localhost:8000/" "Mozilla/5.0 (Windows NT 10.0; Win64; x64) AppleWebKit/537.36 (KHTML, like Gecko) Chrome/83.0.4103.116 Safari/537.36"
::1 - - [07/Jul/2020:10:19:10 +0000] "GET /posts/destroy/5f044c0d4a68282f9ca8c6cd HTTP/1.1" 302 88 "http://localhost:8000/" "Mozilla/5.0 (Windows NT 10.0; Win64; x64) AppleWebKit/537.36 (KHTML, like Gecko) Chrome/83.0.4103.116 Safari/537.36"
::1 - - [07/Jul/2020:10:19:10 +0000] "GET / HTTP/1.1" 200 30368 "http://localhost:8000/" "Mozilla/5.0 (Windows NT 10.0; Win64; x64) AppleWebKit/537.36 (KHTML, like Gecko) Chrome/83.0.4103.116 Safari/537.36"
::1 - - [07/Jul/2020:10:19:10 +0000] "GET /undefined HTTP/1.1" 404 148 "http://localhost:8000/" "Mozilla/5.0 (Windows NT 10.0; Win64; x64) AppleWebKit/537.36 (KHTML, like Gecko) Chrome/83.0.4103.116 Safari/537.36"
::1 - - [07/Jul/2020:10:19:10 +0000] "GET /js/home_comments.js HTTP/1.1" 404 158 "http://localhost:8000/" "Mozilla/5.0 (Windows NT 10.0; Win64; x64) AppleWebKit/537.36 (KHTML, like Gecko) Chrome/83.0.4103.116 Safari/537.36"
::1 - - [07/Jul/2020:10:19:28 +0000] "GET /users/profile/5dcd6c33f9cd4b479c6be469 HTTP/1.1" 200 4642 "http://localhost:8000/" "Mozilla/5.0 (Windows NT 10.0; Win64; x64) AppleWebKit/537.36 (KHTML, like Gecko) Chrome/83.0.4103.116 Safari/537.36"
::1 - - [07/Jul/2020:10:19:29 +0000] "GET /undefined HTTP/1.1" 404 148 "http://localhost:8000/users/profile/5dcd6c33f9cd4b479c6be469" "Mozilla/5.0 (Windows NT 10.0; Win64; x64) AppleWebKit/537.36 (KHTML, like Gecko) Chrome/83.0.4103.116 Safari/537.36"
::1 - - [07/Jul/2020:10:19:54 +0000] "POST /createmessage HTTP/1.1" - - "http://localhost:8000/" "Mozilla/5.0 (Windows NT 10.0; Win64; x64) AppleWebKit/537.36 (KHTML, like Gecko) Chrome/83.0.4103.116 Safari/537.36"
::1 - - [07/Jul/2020:10:19:54 +0000] "GET / HTTP/1.1" 200 30100 "http://localhost:8000/" "Mozilla/5.0 (Windows NT 10.0; Win64; x64) AppleWebKit/537.36 (KHTML, like Gecko) Chrome/83.0.4103.116 Safari/537.36"
::1 - - [07/Jul/2020:10:19:54 +0000] "GET /undefined HTTP/1.1" 404 148 "http://localhost:8000/" "Mozilla/5.0 (Windows NT 10.0; Win64; x64) AppleWebKit/537.36 (KHTML, like Gecko) Chrome/83.0.4103.116 Safari/537.36"
::1 - - [07/Jul/2020:10:19:54 +0000] "GET /js/home_comments.js HTTP/1.1" 404 158 "http://localhost:8000/" "Mozilla/5.0 (Windows NT 10.0; Win64; x64) AppleWebKit/537.36 (KHTML, like Gecko) Chrome/83.0.4103.116 Safari/537.36"
::1 - - [07/Jul/2020:10:20:03 +0000] "GET /signout HTTP/1.1" 302 58 "http://localhost:8000/" "Mozilla/5.0 (Windows NT 10.0; Win64; x64) AppleWebKit/537.36 (KHTML, like Gecko) Chrome/83.0.4103.116 Safari/537.36"
::1 - - [07/Jul/2020:10:20:03 +0000] "GET /signup HTTP/1.1" 200 3935 "http://localhost:8000/" "Mozilla/5.0 (Windows NT 10.0; Win64; x64) AppleWebKit/537.36 (KHTML, like Gecko) Chrome/83.0.4103.116 Safari/537.36"
::1 - - [07/Jul/2020:10:20:03 +0000] "GET /undefined HTTP/1.1" 404 148 "http://localhost:8000/signup" "Mozilla/5.0 (Windows NT 10.0; Win64; x64) AppleWebKit/537.36 (KHTML, like Gecko) Chrome/83.0.4103.116 Safari/537.36"
::1 - - [23/Jul/2020:10:32:48 +0000] "GET / HTTP/1.1" 302 58 "-" "Mozilla/5.0 (Windows NT 10.0; Win64; x64) AppleWebKit/537.36 (KHTML, like Gecko) Chrome/84.0.4147.89 Safari/537.36"
::1 - - [23/Jul/2020:10:32:48 +0000] "GET /signin HTTP/1.1" 200 3630 "-" "Mozilla/5.0 (Windows NT 10.0; Win64; x64) AppleWebKit/537.36 (KHTML, like Gecko) Chrome/84.0.4147.89 Safari/537.36"
::1 - - [23/Jul/2020:10:32:48 +0000] "GET /undefined HTTP/1.1" 404 148 "http://localhost:8000/signin" "Mozilla/5.0 (Windows NT 10.0; Win64; x64) AppleWebKit/537.36 (KHTML, like Gecko) Chrome/84.0.4147.89 Safari/537.36"
::1 - - [23/Jul/2020:10:33:04 +0000] "GET /undefined HTTP/1.1" 404 148 "http://localhost:8000/signin" "Mozilla/5.0 (Windows NT 10.0; Win64; x64) AppleWebKit/537.36 (KHTML, like Gecko) Chrome/84.0.4147.89 Safari/537.36"
::1 - - [23/Jul/2020:10:33:09 +0000] "GET /favicon.ico HTTP/1.1" 404 150 "http://localhost:8000/signin" "Mozilla/5.0 (Windows NT 10.0; Win64; x64) AppleWebKit/537.36 (KHTML, like Gecko) Chrome/84.0.4147.89 Safari/537.36"
::1 - - [23/Jul/2020:10:33:25 +0000] "POST /createsession HTTP/1.1" 302 58 "http://localhost:8000/signin" "Mozilla/5.0 (Windows NT 10.0; Win64; x64) AppleWebKit/537.36 (KHTML, like Gecko) Chrome/84.0.4147.89 Safari/537.36"
::1 - - [23/Jul/2020:10:33:25 +0000] "GET /signin HTTP/1.1" 200 3879 "http://localhost:8000/signin" "Mozilla/5.0 (Windows NT 10.0; Win64; x64) AppleWebKit/537.36 (KHTML, like Gecko) Chrome/84.0.4147.89 Safari/537.36"
::1 - - [23/Jul/2020:10:33:25 +0000] "GET /undefined HTTP/1.1" 404 148 "http://localhost:8000/signin" "Mozilla/5.0 (Windows NT 10.0; Win64; x64) AppleWebKit/537.36 (KHTML, like Gecko) Chrome/84.0.4147.89 Safari/537.36"
::1 - - [23/Jul/2020:10:33:44 +0000] "POST /createsession HTTP/1.1" 302 58 "http://localhost:8000/signin" "Mozilla/5.0 (Windows NT 10.0; Win64; x64) AppleWebKit/537.36 (KHTML, like Gecko) Chrome/84.0.4147.89 Safari/537.36"
::1 - - [23/Jul/2020:10:33:44 +0000] "GET /signin HTTP/1.1" 304 - "http://localhost:8000/signin" "Mozilla/5.0 (Windows NT 10.0; Win64; x64) AppleWebKit/537.36 (KHTML, like Gecko) Chrome/84.0.4147.89 Safari/537.36"
::1 - - [23/Jul/2020:10:33:44 +0000] "GET /undefined HTTP/1.1" 404 148 "http://localhost:8000/signin" "Mozilla/5.0 (Windows NT 10.0; Win64; x64) AppleWebKit/537.36 (KHTML, like Gecko) Chrome/84.0.4147.89 Safari/537.36"
::1 - - [23/Jul/2020:10:33:47 +0000] "GET /signup HTTP/1.1" 200 3686 "http://localhost:8000/signin" "Mozilla/5.0 (Windows NT 10.0; Win64; x64) AppleWebKit/537.36 (KHTML, like Gecko) Chrome/84.0.4147.89 Safari/537.36"
::1 - - [23/Jul/2020:10:33:47 +0000] "GET /undefined HTTP/1.1" 404 148 "http://localhost:8000/signup" "Mozilla/5.0 (Windows NT 10.0; Win64; x64) AppleWebKit/537.36 (KHTML, like Gecko) Chrome/84.0.4147.89 Safari/537.36"
::1 - - [23/Jul/2020:10:34:23 +0000] "POST /create HTTP/1.1" 302 58 "http://localhost:8000/signup" "Mozilla/5.0 (Windows NT 10.0; Win64; x64) AppleWebKit/537.36 (KHTML, like Gecko) Chrome/84.0.4147.89 Safari/537.36"
::1 - - [23/Jul/2020:10:34:23 +0000] "GET /signin HTTP/1.1" 200 3630 "http://localhost:8000/signup" "Mozilla/5.0 (Windows NT 10.0; Win64; x64) AppleWebKit/537.36 (KHTML, like Gecko) Chrome/84.0.4147.89 Safari/537.36"
::1 - - [23/Jul/2020:10:34:23 +0000] "GET /undefined HTTP/1.1" 404 148 "http://localhost:8000/signin" "Mozilla/5.0 (Windows NT 10.0; Win64; x64) AppleWebKit/537.36 (KHTML, like Gecko) Chrome/84.0.4147.89 Safari/537.36"
::1 - - [23/Jul/2020:10:34:36 +0000] "POST /createsession HTTP/1.1" 302 46 "http://localhost:8000/signin" "Mozilla/5.0 (Windows NT 10.0; Win64; x64) AppleWebKit/537.36 (KHTML, like Gecko) Chrome/84.0.4147.89 Safari/537.36"
::1 - - [23/Jul/2020:10:34:38 +0000] "GET / HTTP/1.1" 200 30473 "http://localhost:8000/signin" "Mozilla/5.0 (Windows NT 10.0; Win64; x64) AppleWebKit/537.36 (KHTML, like Gecko) Chrome/84.0.4147.89 Safari/537.36"
::1 - - [23/Jul/2020:10:34:38 +0000] "GET /undefined HTTP/1.1" 404 148 "http://localhost:8000/" "Mozilla/5.0 (Windows NT 10.0; Win64; x64) AppleWebKit/537.36 (KHTML, like Gecko) Chrome/84.0.4147.89 Safari/537.36"
::1 - - [23/Jul/2020:10:34:38 +0000] "GET /js/home_comments.js HTTP/1.1" 404 158 "http://localhost:8000/" "Mozilla/5.0 (Windows NT 10.0; Win64; x64) AppleWebKit/537.36 (KHTML, like Gecko) Chrome/84.0.4147.89 Safari/537.36"
::1 - - [23/Jul/2020:10:34:38 +0000] "GET /js/home_comments.js HTTP/1.1" 404 158 "http://localhost:8000/" "Mozilla/5.0 (Windows NT 10.0; Win64; x64) AppleWebKit/537.36 (KHTML, like Gecko) Chrome/84.0.4147.89 Safari/537.36"
::1 - - [24/Jul/2020:14:36:12 +0000] "GET /signin HTTP/1.1" 200 3630 "-" "Mozilla/5.0 (Windows NT 10.0; Win64; x64) AppleWebKit/537.36 (KHTML, like Gecko) Chrome/84.0.4147.89 Safari/537.36"
::1 - - [24/Jul/2020:14:36:12 +0000] "GET / HTTP/1.1" 302 58 "-" "Mozilla/5.0 (Windows NT 10.0; Win64; x64) AppleWebKit/537.36 (KHTML, like Gecko) Chrome/84.0.4147.89 Safari/537.36"
::1 - - [24/Jul/2020:14:36:13 +0000] "GET /undefined HTTP/1.1" 404 148 "http://localhost:8000/signin" "Mozilla/5.0 (Windows NT 10.0; Win64; x64) AppleWebKit/537.36 (KHTML, like Gecko) Chrome/84.0.4147.89 Safari/537.36"
::1 - - [24/Jul/2020:14:36:13 +0000] "GET /undefined HTTP/1.1" 404 148 "http://localhost:8000/signin" "Mozilla/5.0 (Windows NT 10.0; Win64; x64) AppleWebKit/537.36 (KHTML, like Gecko) Chrome/84.0.4147.89 Safari/537.36"
::1 - - [24/Jul/2020:14:36:15 +0000] "GET /favicon.ico HTTP/1.1" 404 150 "http://localhost:8000/signin" "Mozilla/5.0 (Windows NT 10.0; Win64; x64) AppleWebKit/537.36 (KHTML, like Gecko) Chrome/84.0.4147.89 Safari/537.36"
::1 - - [24/Jul/2020:14:36:38 +0000] "GET /signup HTTP/1.1" 200 3686 "http://localhost:8000/signin" "Mozilla/5.0 (Windows NT 10.0; Win64; x64) AppleWebKit/537.36 (KHTML, like Gecko) Chrome/84.0.4147.89 Safari/537.36"
::1 - - [24/Jul/2020:14:36:38 +0000] "GET /undefined HTTP/1.1" 404 148 "http://localhost:8000/signup" "Mozilla/5.0 (Windows NT 10.0; Win64; x64) AppleWebKit/537.36 (KHTML, like Gecko) Chrome/84.0.4147.89 Safari/537.36"
::1 - - [24/Jul/2020:14:36:51 +0000] "POST /create HTTP/1.1" 302 58 "http://localhost:8000/signup" "Mozilla/5.0 (Windows NT 10.0; Win64; x64) AppleWebKit/537.36 (KHTML, like Gecko) Chrome/84.0.4147.89 Safari/537.36"
::1 - - [24/Jul/2020:14:36:51 +0000] "GET /signin HTTP/1.1" 304 - "http://localhost:8000/signup" "Mozilla/5.0 (Windows NT 10.0; Win64; x64) AppleWebKit/537.36 (KHTML, like Gecko) Chrome/84.0.4147.89 Safari/537.36"
::1 - - [24/Jul/2020:14:36:51 +0000] "GET /undefined HTTP/1.1" 404 148 "http://localhost:8000/signin" "Mozilla/5.0 (Windows NT 10.0; Win64; x64) AppleWebKit/537.36 (KHTML, like Gecko) Chrome/84.0.4147.89 Safari/537.36"
::1 - - [24/Jul/2020:14:37:01 +0000] "POST /createsession HTTP/1.1" 302 46 "http://localhost:8000/signin" "Mozilla/5.0 (Windows NT 10.0; Win64; x64) AppleWebKit/537.36 (KHTML, like Gecko) Chrome/84.0.4147.89 Safari/537.36"
::1 - - [24/Jul/2020:14:37:03 +0000] "GET / HTTP/1.1" 200 30643 "http://localhost:8000/signin" "Mozilla/5.0 (Windows NT 10.0; Win64; x64) AppleWebKit/537.36 (KHTML, like Gecko) Chrome/84.0.4147.89 Safari/537.36"
::1 - - [24/Jul/2020:14:37:03 +0000] "GET /undefined HTTP/1.1" 404 148 "http://localhost:8000/" "Mozilla/5.0 (Windows NT 10.0; Win64; x64) AppleWebKit/537.36 (KHTML, like Gecko) Chrome/84.0.4147.89 Safari/537.36"
::1 - - [24/Jul/2020:14:37:03 +0000] "GET /js/home_comments.js HTTP/1.1" 404 158 "http://localhost:8000/" "Mozilla/5.0 (Windows NT 10.0; Win64; x64) AppleWebKit/537.36 (KHTML, like Gecko) Chrome/84.0.4147.89 Safari/537.36"
::1 - - [24/Jul/2020:14:37:03 +0000] "GET /js/home_comments.js HTTP/1.1" 404 158 "http://localhost:8000/" "Mozilla/5.0 (Windows NT 10.0; Win64; x64) AppleWebKit/537.36 (KHTML, like Gecko) Chrome/84.0.4147.89 Safari/537.36"
::1 - - [24/Jul/2020:14:37:18 +0000] "GET /users/profile/5dcd6bcdf9cd4b479c6be464 HTTP/1.1" 200 4638 "http://localhost:8000/" "Mozilla/5.0 (Windows NT 10.0; Win64; x64) AppleWebKit/537.36 (KHTML, like Gecko) Chrome/84.0.4147.89 Safari/537.36"
::1 - - [24/Jul/2020:14:37:18 +0000] "GET /undefined HTTP/1.1" 404 148 "http://localhost:8000/users/profile/5dcd6bcdf9cd4b479c6be464" "Mozilla/5.0 (Windows NT 10.0; Win64; x64) AppleWebKit/537.36 (KHTML, like Gecko) Chrome/84.0.4147.89 Safari/537.36"
::1 - - [24/Jul/2020:15:04:34 +0000] "GET /users/profile/5dcd6bcdf9cd4b479c6be464 HTTP/1.1" 200 4643 "http://localhost:8000/" "Mozilla/5.0 (Windows NT 10.0; Win64; x64) AppleWebKit/537.36 (KHTML, like Gecko) Chrome/84.0.4147.89 Safari/537.36"
::1 - - [24/Jul/2020:15:04:37 +0000] "GET / HTTP/1.1" 200 30400 "http://localhost:8000/users/profile/5dcd6bcdf9cd4b479c6be464" "Mozilla/5.0 (Windows NT 10.0; Win64; x64) AppleWebKit/537.36 (KHTML, like Gecko) Chrome/84.0.4147.89 Safari/537.36"
::1 - - [24/Jul/2020:15:04:37 +0000] "GET /js/home_comments.js HTTP/1.1" 404 158 "http://localhost:8000/" "Mozilla/5.0 (Windows NT 10.0; Win64; x64) AppleWebKit/537.36 (KHTML, like Gecko) Chrome/84.0.4147.89 Safari/537.36"
::1 - - [24/Jul/2020:15:04:38 +0000] "GET / HTTP/1.1" 304 - "http://localhost:8000/users/profile/5dcd6bcdf9cd4b479c6be464" "Mozilla/5.0 (Windows NT 10.0; Win64; x64) AppleWebKit/537.36 (KHTML, like Gecko) Chrome/84.0.4147.89 Safari/537.36"
::1 - - [24/Jul/2020:15:04:39 +0000] "GET /js/home_comments.js HTTP/1.1" 404 158 "http://localhost:8000/" "Mozilla/5.0 (Windows NT 10.0; Win64; x64) AppleWebKit/537.36 (KHTML, like Gecko) Chrome/84.0.4147.89 Safari/537.36"
::1 - - [24/Jul/2020:15:04:44 +0000] "GET / HTTP/1.1" 304 - "http://localhost:8000/" "Mozilla/5.0 (Windows NT 10.0; Win64; x64) AppleWebKit/537.36 (KHTML, like Gecko) Chrome/84.0.4147.89 Safari/537.36"
::1 - - [24/Jul/2020:15:04:45 +0000] "GET /js/home_comments.js HTTP/1.1" 404 158 "http://localhost:8000/" "Mozilla/5.0 (Windows NT 10.0; Win64; x64) AppleWebKit/537.36 (KHTML, like Gecko) Chrome/84.0.4147.89 Safari/537.36"
::1 - - [24/Jul/2020:15:05:08 +0000] "POST /users/update/5f1af203e11d3a67a0dc516a HTTP/1.1" 302 88 "http://localhost:8000/" "Mozilla/5.0 (Windows NT 10.0; Win64; x64) AppleWebKit/537.36 (KHTML, like Gecko) Chrome/84.0.4147.89 Safari/537.36"
::1 - - [24/Jul/2020:15:05:08 +0000] "GET / HTTP/1.1" 200 30578 "http://localhost:8000/" "Mozilla/5.0 (Windows NT 10.0; Win64; x64) AppleWebKit/537.36 (KHTML, like Gecko) Chrome/84.0.4147.89 Safari/537.36"
::1 - - [24/Jul/2020:15:05:08 +0000] "GET /js/home_comments.js HTTP/1.1" 404 158 "http://localhost:8000/" "Mozilla/5.0 (Windows NT 10.0; Win64; x64) AppleWebKit/537.36 (KHTML, like Gecko) Chrome/84.0.4147.89 Safari/537.36"
::1 - - [24/Jul/2020:15:05:12 +0000] "GET /users/update/5f1af203e11d3a67a0dc516a HTTP/1.1" 404 176 "http://localhost:8000/" "Mozilla/5.0 (Windows NT 10.0; Win64; x64) AppleWebKit/537.36 (KHTML, like Gecko) Chrome/84.0.4147.89 Safari/537.36"
::1 - - [24/Jul/2020:15:05:19 +0000] "GET /users/update/5f1af203e11d3a67a0dc516a HTTP/1.1" 404 176 "http://localhost:8000/" "Mozilla/5.0 (Windows NT 10.0; Win64; x64) AppleWebKit/537.36 (KHTML, like Gecko) Chrome/84.0.4147.89 Safari/537.36"
::1 - - [24/Jul/2020:15:05:24 +0000] "GET /users/update/5f1af203e11d3a67a0dc516a HTTP/1.1" 404 176 "http://localhost:8000/" "Mozilla/5.0 (Windows NT 10.0; Win64; x64) AppleWebKit/537.36 (KHTML, like Gecko) Chrome/84.0.4147.89 Safari/537.36"
::1 - - [24/Jul/2020:15:05:44 +0000] "GET /users/update/5f1af203e11d3a67a0dc516a HTTP/1.1" 404 176 "http://localhost:8000/" "Mozilla/5.0 (Windows NT 10.0; Win64; x64) AppleWebKit/537.36 (KHTML, like Gecko) Chrome/84.0.4147.89 Safari/537.36"
::1 - - [24/Jul/2020:15:06:03 +0000] "GET /users/update/5f1af203e11d3a67a0dc516a HTTP/1.1" 404 176 "http://localhost:8000/" "Mozilla/5.0 (Windows NT 10.0; Win64; x64) AppleWebKit/537.36 (KHTML, like Gecko) Chrome/84.0.4147.89 Safari/537.36"
::1 - - [24/Jul/2020:15:08:39 +0000] "POST /createmessage HTTP/1.1" - - "http://localhost:8000/" "Mozilla/5.0 (Windows NT 10.0; Win64; x64) AppleWebKit/537.36 (KHTML, like Gecko) Chrome/84.0.4147.89 Safari/537.36"
::1 - - [24/Jul/2020:18:11:24 +0000] "GET / HTTP/1.1" 302 58 "-" "Mozilla/5.0 (Windows NT 10.0; Win64; x64) AppleWebKit/537.36 (KHTML, like Gecko) Chrome/84.0.4147.89 Safari/537.36"
::1 - - [24/Jul/2020:18:11:24 +0000] "GET /signin HTTP/1.1" 200 3635 "-" "Mozilla/5.0 (Windows NT 10.0; Win64; x64) AppleWebKit/537.36 (KHTML, like Gecko) Chrome/84.0.4147.89 Safari/537.36"
::1 - - [24/Jul/2020:18:11:27 +0000] "GET /favicon.ico HTTP/1.1" 404 150 "http://localhost:8000/signin" "Mozilla/5.0 (Windows NT 10.0; Win64; x64) AppleWebKit/537.36 (KHTML, like Gecko) Chrome/84.0.4147.89 Safari/537.36"
::1 - - [24/Jul/2020:18:13:50 +0000] "GET /signin HTTP/1.1" 304 - "-" "Mozilla/5.0 (Windows NT 10.0; Win64; x64) AppleWebKit/537.36 (KHTML, like Gecko) Chrome/84.0.4147.89 Safari/537.36"
::1 - - [24/Jul/2020:18:14:56 +0000] "GET /signup HTTP/1.1" 200 3691 "http://localhost:8000/signin" "Mozilla/5.0 (Windows NT 10.0; Win64; x64) AppleWebKit/537.36 (KHTML, like Gecko) Chrome/84.0.4147.89 Safari/537.36"
::1 - - [24/Jul/2020:18:16:37 +0000] "GET /signup HTTP/1.1" 304 - "http://localhost:8000/signin" "Mozilla/5.0 (Windows NT 10.0; Win64; x64) AppleWebKit/537.36 (KHTML, like Gecko) Chrome/84.0.4147.89 Safari/537.36"
::1 - - [24/Jul/2020:18:17:45 +0000] "GET /signup HTTP/1.1" 304 - "http://localhost:8000/signin" "Mozilla/5.0 (Windows NT 10.0; Win64; x64) AppleWebKit/537.36 (KHTML, like Gecko) Chrome/84.0.4147.89 Safari/537.36"
::1 - - [24/Jul/2020:18:17:53 +0000] "GET /signup HTTP/1.1" 304 - "http://localhost:8000/signin" "Mozilla/5.0 (Windows NT 10.0; Win64; x64) AppleWebKit/537.36 (KHTML, like Gecko) Chrome/84.0.4147.89 Safari/537.36"
::1 - - [26/Jul/2020:18:24:08 +0000] "GET / HTTP/1.1" 302 58 "-" "Mozilla/5.0 (Windows NT 10.0; Win64; x64) AppleWebKit/537.36 (KHTML, like Gecko) Chrome/84.0.4147.89 Safari/537.36"
::1 - - [26/Jul/2020:18:24:08 +0000] "GET /signin HTTP/1.1" 200 3635 "-" "Mozilla/5.0 (Windows NT 10.0; Win64; x64) AppleWebKit/537.36 (KHTML, like Gecko) Chrome/84.0.4147.89 Safari/537.36"
::1 - - [26/Jul/2020:18:24:12 +0000] "GET /favicon.ico HTTP/1.1" 404 150 "http://localhost:8000/signin" "Mozilla/5.0 (Windows NT 10.0; Win64; x64) AppleWebKit/537.36 (KHTML, like Gecko) Chrome/84.0.4147.89 Safari/537.36"
::1 - - [26/Jul/2020:18:24:23 +0000] "POST /createsession HTTP/1.1" 302 46 "http://localhost:8000/signin" "Mozilla/5.0 (Windows NT 10.0; Win64; x64) AppleWebKit/537.36 (KHTML, like Gecko) Chrome/84.0.4147.89 Safari/537.36"
::1 - - [26/Jul/2020:18:24:25 +0000] "GET / HTTP/1.1" 200 31019 "http://localhost:8000/signin" "Mozilla/5.0 (Windows NT 10.0; Win64; x64) AppleWebKit/537.36 (KHTML, like Gecko) Chrome/84.0.4147.89 Safari/537.36"
::1 - - [26/Jul/2020:18:24:25 +0000] "GET /js/home_comments.js HTTP/1.1" 404 158 "http://localhost:8000/" "Mozilla/5.0 (Windows NT 10.0; Win64; x64) AppleWebKit/537.36 (KHTML, like Gecko) Chrome/84.0.4147.89 Safari/537.36"
::1 - - [26/Jul/2020:18:24:25 +0000] "GET /js/home_comments.js HTTP/1.1" 404 158 "http://localhost:8000/" "Mozilla/5.0 (Windows NT 10.0; Win64; x64) AppleWebKit/537.36 (KHTML, like Gecko) Chrome/84.0.4147.89 Safari/537.36"
::1 - - [26/Jul/2020:18:25:01 +0000] "POST /posts/create HTTP/1.1" 200 284 "http://localhost:8000/" "Mozilla/5.0 (Windows NT 10.0; Win64; x64) AppleWebKit/537.36 (KHTML, like Gecko) Chrome/84.0.4147.89 Safari/537.36"
::1 - - [26/Jul/2020:18:25:01 +0000] "POST /posts/create HTTP/1.1" 302 88 "http://localhost:8000/" "Mozilla/5.0 (Windows NT 10.0; Win64; x64) AppleWebKit/537.36 (KHTML, like Gecko) Chrome/84.0.4147.89 Safari/537.36"
::1 - - [26/Jul/2020:18:25:02 +0000] "GET / HTTP/1.1" 200 35345 "http://localhost:8000/" "Mozilla/5.0 (Windows NT 10.0; Win64; x64) AppleWebKit/537.36 (KHTML, like Gecko) Chrome/84.0.4147.89 Safari/537.36"
::1 - - [26/Jul/2020:18:25:02 +0000] "GET /js/home_comments.js HTTP/1.1" 404 158 "http://localhost:8000/" "Mozilla/5.0 (Windows NT 10.0; Win64; x64) AppleWebKit/537.36 (KHTML, like Gecko) Chrome/84.0.4147.89 Safari/537.36"
::1 - - [26/Jul/2020:18:25:04 +0000] "GET /posts/destroy/5f1dca7d30440c307cc922e7 HTTP/1.1" 302 88 "http://localhost:8000/" "Mozilla/5.0 (Windows NT 10.0; Win64; x64) AppleWebKit/537.36 (KHTML, like Gecko) Chrome/84.0.4147.89 Safari/537.36"
::1 - - [26/Jul/2020:18:25:04 +0000] "GET / HTTP/1.1" 200 35613 "http://localhost:8000/" "Mozilla/5.0 (Windows NT 10.0; Win64; x64) AppleWebKit/537.36 (KHTML, like Gecko) Chrome/84.0.4147.89 Safari/537.36"
::1 - - [26/Jul/2020:18:25:04 +0000] "GET /js/home_comments.js HTTP/1.1" 404 158 "http://localhost:8000/" "Mozilla/5.0 (Windows NT 10.0; Win64; x64) AppleWebKit/537.36 (KHTML, like Gecko) Chrome/84.0.4147.89 Safari/537.36"
::1 - - [26/Jul/2020:18:25:13 +0000] "GET / HTTP/1.1" 200 33058 "http://localhost:8000/" "Mozilla/5.0 (Windows NT 10.0; Win64; x64) AppleWebKit/537.36 (KHTML, like Gecko) Chrome/84.0.4147.89 Safari/537.36"
::1 - - [26/Jul/2020:18:25:13 +0000] "GET /js/home_comments.js HTTP/1.1" 404 158 "http://localhost:8000/" "Mozilla/5.0 (Windows NT 10.0; Win64; x64) AppleWebKit/537.36 (KHTML, like Gecko) Chrome/84.0.4147.89 Safari/537.36"
